12/Jul/2020 16:12:03 "word 'hawaii' not in vocabulary"
12/Jul/2020 16:12:03 "word '1st' not in vocabulary"
12/Jul/2020 16:12:03 "word '2003' not in vocabulary"
12/Jul/2020 16:12:03 "word 'hawaii' not in vocabulary"
12/Jul/2020 16:12:03 "word 'online' not in vocabulary"
12/Jul/2020 16:12:03 "word '10th' not in vocabulary"
12/Jul/2020 16:12:03 "word 'maryland' not in vocabulary"
12/Jul/2020 16:12:03 "word 'hawaii' not in vocabulary"
12/Jul/2020 16:12:03 "word 'stun' not in vocabulary"
12/Jul/2020 16:12:03 "word '5-star' not in vocabulary"
12/Jul/2020 16:12:03 "word 'maui' not in vocabulary"
12/Jul/2020 16:12:03 "word 'scuba' not in vocabulary"
12/Jul/2020 16:12:03 "word 'parasaile' not in vocabulary"
12/Jul/2020 16:12:03 "word 'etc' not in vocabulary"
12/Jul/2020 16:12:03 "word 'kalekala' not in vocabulary"
12/Jul/2020 16:12:03 "word 'hawaii' not in vocabulary"
12/Jul/2020 16:12:03 "word 'hana' not in vocabulary"
12/Jul/2020 16:12:03 "word 'stun' not in vocabulary"
12/Jul/2020 16:12:03 "word '600-plus' not in vocabulary"
12/Jul/2020 16:12:03 "word '50' not in vocabulary"
12/Jul/2020 16:12:03 "word 'breathtake' not in vocabulary"
12/Jul/2020 16:12:03 "word 'soar' not in vocabulary"
12/Jul/2020 16:12:03 "word 'hana' not in vocabulary"
12/Jul/2020 16:12:03 "word '18th' not in vocabulary"
12/Jul/2020 16:13:09 "word 'paris' not in vocabulary"
12/Jul/2020 16:13:09 "word 'imprison' not in vocabulary"
12/Jul/2020 16:13:09 "word 'holtel' not in vocabulary"
12/Jul/2020 16:13:09 "word 'vactioner' not in vocabulary"
12/Jul/2020 16:13:10 "word 'forcast' not in vocabulary"
12/Jul/2020 16:13:10 "word 'eiffel' not in vocabulary"
12/Jul/2020 16:13:10 "word 'paris' not in vocabulary"
12/Jul/2020 16:13:10 "word 'eiffel' not in vocabulary"
12/Jul/2020 16:13:10 "word 'whicj' not in vocabulary"
12/Jul/2020 16:13:10 "word 'rememberable' not in vocabulary"
12/Jul/2020 16:13:10 "word 'paris' not in vocabulary"
12/Jul/2020 16:13:49 "word 'fridge' not in vocabulary"
12/Jul/2020 16:13:49 "word 'gene' not in vocabulary"
12/Jul/2020 16:13:49 "word 'internet' not in vocabulary"
12/Jul/2020 16:13:49 "word 'iive' not in vocabulary"
26/Nov/2020 04:55:01 "word 'kelly' not in vocabulary"
26/Nov/2020 04:56:19 "word 'kbb' not in vocabulary"
26/Nov/2020 04:57:40 "word 'kbb' not in vocabulary"
26/Nov/2020 17:38:08 "word 'kbb' not in vocabulary"
26/Nov/2020 17:38:36 "word 'chol' not in vocabulary"
